# JRE version: OpenJDK Runtime Environment OpenLogic-OpenJDK (17.0.14+7) (build 17.0.14+7-adhoc..jdk17u)
# Java VM: OpenJDK 64-Bit Server VM OpenLogic-OpenJDK (17.0.14+7-adhoc..jdk17u, mixed mode, sharing, tiered, compressed oops, compressed class ptrs, g1 gc, windows-amd64)
GC Precious Log:
 CPUs: 8 total, 8 available
 Memory: 8049M
 Large Page Support: Disabled
 NUMA Support: Disabled
 Compressed Oops: Enabled (32-bit)
 Heap Region Size: 1M
 Heap Min Capacity: 256M
 Heap Initial Capacity: 256M
 Heap Max Capacity: 512M
 Pre-touch: Disabled
 Parallel Workers: 8
 Concurrent Workers: 2
 Concurrent Refinement Workers: 8
 Periodic GC: Disabled
Heap:
 garbage-first heap   total 262144K, used 74576K [0x00000000e0000000, 0x0000000100000000)
  region size 1024K, 42 young (43008K), 14 survivors (14336K)
 Metaspace       used 48013K, committed 48512K, reserved 393216K
  class space    used 6591K, committed 6784K, reserved 327680K
GC Heap History (14 events):
Event: 8.323 GC heap before
{Heap before GC invocations=0 (full 0):
 garbage-first heap   total 262144K, used 22528K [0x00000000e0000000, 0x0000000100000000)
  region size 1024K, 23 young (23552K), 0 survivors (0K)
 Metaspace       used 1070K, committed 1216K, reserved 393216K
  class space    used 73K, committed 128K, reserved 327680K
}
Event: 8.325 GC heap after
{Heap after GC invocations=1 (full 0):
 garbage-first heap   total 262144K, used 2431K [0x00000000e0000000, 0x0000000100000000)
  region size 1024K, 3 young (3072K), 3 survivors (3072K)
 Metaspace       used 1070K, committed 1216K, reserved 393216K
  class space    used 73K, committed 128K, reserved 327680K
}
Event: 11.803 GC heap before
{Heap before GC invocations=1 (full 0):
 garbage-first heap   total 262144K, used 39295K [0x00000000e0000000, 0x0000000100000000)
  region size 1024K, 37 young (37888K), 3 survivors (3072K)
 Metaspace       used 4395K, committed 4544K, reserved 393216K
  class space    used 549K, committed 640K, reserved 327680K
}
Event: 11.808 GC heap after
{Heap after GC invocations=2 (full 0):
 garbage-first heap   total 262144K, used 10665K [0x00000000e0000000, 0x0000000100000000)
  region size 1024K, 5 young (5120K), 5 survivors (5120K)
 Metaspace       used 4395K, committed 4544K, reserved 393216K
  class space    used 549K, committed 640K, reserved 327680K
}
Event: 18.666 GC heap before
{Heap before GC invocations=2 (full 0):
 garbage-first heap   total 262144K, used 57769K [0x00000000e0000000, 0x0000000100000000)
  region size 1024K, 49 young (50176K), 5 survivors (5120K)
 Metaspace       used 4667K, committed 4928K, reserved 393216K
  class space    used 596K, committed 704K, reserved 327680K
}
Event: 18.671 GC heap after
{Heap after GC invocations=3 (full 0):
 garbage-first heap   total 262144K, used 16182K [0x00000000e0000000, 0x0000000100000000)
  region size 1024K, 5 young (5120K), 5 survivors (5120K)
 Metaspace       used 4667K, committed 4928K, reserved 393216K
  class space    used 596K, committed 704K, reserved 327680K
}
Event: 20.639 GC heap before
{Heap before GC invocations=3 (full 0):
 garbage-first heap   total 262144K, used 126774K [0x00000000e0000000, 0x0000000100000000)
  region size 1024K, 114 young (116736K), 5 survivors (5120K)
 Metaspace       used 21226K, committed 21504K, reserved 393216K
  class space    used 3116K, committed 3264K, reserved 327680K
}
Event: 20.648 GC heap after
{Heap after GC invocations=4 (full 0):
 garbage-first heap   total 262144K, used 23722K [0x00000000e0000000, 0x0000000100000000)
  region size 1024K, 12 young (12288K), 12 survivors (12288K)
 Metaspace       used 21226K, committed 21504K, reserved 393216K
  class space    used 3116K, committed 3264K, reserved 327680K
}
Event: 22.401 GC heap before
{Heap before GC invocations=5 (full 0):
 garbage-first heap   total 262144K, used 136362K [0x00000000e0000000, 0x0000000100000000)
  region size 1024K, 119 young (121856K), 12 survivors (12288K)
 Metaspace       used 35554K, committed 35968K, reserved 393216K
  class space    used 5029K, committed 5248K, reserved 327680K
}
Event: 22.416 GC heap after
{Heap after GC invocations=6 (full 0):
 garbage-first heap   total 262144K, used 32106K [0x00000000e0000000, 0x0000000100000000)
  region size 1024K, 16 young (16384K), 16 survivors (16384K)
 Metaspace       used 35554K, committed 35968K, reserved 393216K
  class space    used 5029K, committed 5248K, reserved 327680K
}
Event: 23.579 GC heap before
{Heap before GC invocations=7 (full 0):
 garbage-first heap   total 262144K, used 172394K [0x00000000e0000000, 0x0000000100000000)
  region size 1024K, 153 young (156672K), 16 survivors (16384K)
 Metaspace       used 36105K, committed 36544K, reserved 393216K
  class space    used 5064K, committed 5248K, reserved 327680K
}
Event: 23.600 GC heap after
{Heap after GC invocations=8 (full 0):
 garbage-first heap   total 262144K, used 40193K [0x00000000e0000000, 0x0000000100000000)
  region size 1024K, 17 young (17408K), 17 survivors (17408K)
 Metaspace       used 36105K, committed 36544K, reserved 393216K
  class space    used 5064K, committed 5248K, reserved 327680K
}
Event: 27.867 GC heap before
{Heap before GC invocations=8 (full 0):
 garbage-first heap   total 262144K, used 179457K [0x00000000e0000000, 0x0000000100000000)
  region size 1024K, 153 young (156672K), 17 survivors (17408K)
 Metaspace       used 44423K, committed 44864K, reserved 393216K
  class space    used 6106K, committed 6272K, reserved 327680K
}
Event: 27.883 GC heap after
{Heap after GC invocations=9 (full 0):
 garbage-first heap   total 262144K, used 45904K [0x00000000e0000000, 0x0000000100000000)
  region size 1024K, 14 young (14336K), 14 survivors (14336K)
 Metaspace       used 44423K, committed 44864K, reserved 393216K
  class space    used 6106K, committed 6272K, reserved 327680K
}

